<?xml version="1.0" encoding="UTF-8" ?>
<testsuite tests="12" failures="0" name="restassured.order_tag_demo" time="0.005" errors="0" skipped="1">
  <properties>
[...]
</properties>
  <testcase classname="restassured.order_tag1" name="demo2_children" time="0.002"/>
  <testcase classname="restassured.order_tag1" name="demo1_children" time="0"/>
  <testcase classname="restassured.order_tag1" name="demo0_children" time="0">
    <skipped message="just for show"/>
  </testcase>
  <testcase classname="restassured.order_tag1" name="demo0" time="0"/>
  <testcase classname="restassured.order_tag1" name="demo1" time="0"/>
  <testcase classname="restassured.order_tag1" name="demo2" time="0"/>
  <testcase classname="restassured.order_tag2" name="demo0_order_suite" time="0.001"/>
  <testcase classname="restassured.order_tag2" name="demo1_order_suite" time="0.002"/>
  <testcase classname="restassured.order_tag2" name="demo2_order_suite" time="0"/>
  <testcase classname="restassured.order_tag2" name="demo0" time="0"/>
  <testcase classname="restassured.order_tag2" name="demo1" time="0"/>
  <testcase classname="restassured.order_tag2" name="demo2" time="0"/>
</testsuite>